2025-12-06 05:28:40,001 - INFO - ================================================================================
2025-12-06 05:28:40,001 - INFO - FORENSISCHE EXTRAKTION v2 - Google Takeout
2025-12-06 05:28:40,002 - INFO - ================================================================================
2025-12-06 05:28:40,002 - INFO - [START] Forensische Extraktion v2 (REGEX): C:\evoki\backend\Google Massenexport 16.10.25\MeineAktivitäten.html
2025-12-06 05:28:40,003 - INFO - Dateigröße: 73.03 MB
2025-12-06 05:28:40,003 - INFO - [LOAD] Lade HTML-Datei...
2025-12-06 05:28:40,388 - INFO - [LOADED] 75,906,019 Zeichen geladen
2025-12-06 05:28:41,224 - WARNING - Match 4: User-Prompt zu kurz
2025-12-06 05:28:41,501 - INFO - [PROGRESS] 500 Prompts gefunden...
2025-12-06 05:28:41,652 - INFO - [PROGRESS] 1000 Prompts gefunden...
2025-12-06 05:28:41,769 - INFO - [PROGRESS] 1500 Prompts gefunden...
2025-12-06 05:28:41,789 - WARNING - Match 1545: User-Prompt zu kurz
2025-12-06 05:28:41,863 - INFO - [PROGRESS] 2000 Prompts gefunden...
2025-12-06 05:28:41,939 - INFO - [PROGRESS] 2500 Prompts gefunden...
2025-12-06 05:28:42,021 - INFO - [PROGRESS] 3000 Prompts gefunden...
2025-12-06 05:28:42,072 - INFO - [PROGRESS] 3500 Prompts gefunden...
2025-12-06 05:28:42,106 - WARNING - Match 3755: User-Prompt zu kurz
2025-12-06 05:28:42,139 - INFO - [PROGRESS] 4000 Prompts gefunden...
2025-12-06 05:28:42,235 - INFO - [PROGRESS] 4500 Prompts gefunden...
2025-12-06 05:28:42,294 - INFO - [PROGRESS] 5000 Prompts gefunden...
2025-12-06 05:28:42,385 - INFO - [PROGRESS] 5500 Prompts gefunden...
2025-12-06 05:28:42,558 - INFO - [PROGRESS] 6000 Prompts gefunden...
2025-12-06 05:28:42,595 - WARNING - Match 6342: User-Prompt zu kurz
2025-12-06 05:28:42,622 - INFO - [PROGRESS] 6500 Prompts gefunden...
2025-12-06 05:28:42,718 - INFO - [PROGRESS] 7000 Prompts gefunden...
2025-12-06 05:28:42,816 - INFO - [PROGRESS] 7500 Prompts gefunden...
2025-12-06 05:28:42,968 - INFO - [PROGRESS] 8000 Prompts gefunden...
2025-12-06 05:28:43,002 - WARNING - Match 8216: User-Prompt zu kurz
2025-12-06 05:28:43,034 - INFO - [PROGRESS] 8500 Prompts gefunden...
2025-12-06 05:28:43,188 - INFO - [PROGRESS] 9000 Prompts gefunden...
2025-12-06 05:28:43,278 - INFO - [PROGRESS] 9500 Prompts gefunden...
2025-12-06 05:28:43,333 - INFO - [PROGRESS] 10000 Prompts gefunden...
2025-12-06 05:28:43,422 - INFO - [PROGRESS] 10500 Prompts gefunden...
2025-12-06 05:28:43,497 - INFO - [PROGRESS] 11000 Prompts gefunden...
2025-12-06 05:28:43,499 - INFO - [ERFOLG] 21987 Einträge extrahiert
2025-12-06 05:28:43,810 - INFO - [SORT] 21987 Einträge chronologisch sortiert
2025-12-06 05:28:53,437 - INFO - [WRITE] 21987 TXT-Dateien geschrieben
2025-12-06 05:28:53,437 - INFO - [WORDS] 4,074,975 Wörter insgesamt
2025-12-06 05:28:53,439 - INFO - [SUMMARY] Gespeichert: C:\evoki\backend\VectorRegs_FORENSIC\extraction_summary.json
2025-12-06 05:28:53,440 - INFO - [VERIFY] Gespeichert: C:\evoki\backend\VectorRegs_FORENSIC\Verifizierung_Wortanzahl.txt
2025-12-06 05:28:53,441 - INFO - 
================================================================================
2025-12-06 05:28:53,441 - INFO - EXTRAKTION ABGESCHLOSSEN
2025-12-06 05:28:53,442 - INFO - ================================================================================
2025-12-06 05:28:53,442 - INFO - Output-Verzeichnis: C:\evoki\backend\VectorRegs_FORENSIC
2025-12-06 05:28:53,442 - INFO - Gesamt Einträge: 21987
2025-12-06 05:28:53,442 - INFO - Gesamt Dateien: 21987
2025-12-06 05:28:53,443 - INFO - Gesamt Wörter: 4,074,975
2025-12-06 05:28:53,443 - INFO - Fehler: 0
