{"timestamp": "2026-01-13T07:49:28.902895+00:00", "event": "file_modified", "file": "C:\\Evoki V3.0 APK-Lokalhost-Google Cloude\\tooling\\data\\synapse\\status\\pending_status.json"}
{"timestamp": "2026-01-13T07:49:29.104614+00:00", "action": "auto_save_triggered"}
{"timestamp": "2026-01-13T07:49:29.301550+00:00", "result": "FAIL", "error": "DEBUG: Calling add_status_window...\n[ERROR] Chronos Check Failed: Timestamp too old/future (diff=307.277786s)\nDEBUG: add_status_window returned: False\n"}
{"timestamp": "2026-01-13T07:51:32.246565+00:00", "event": "file_modified", "file": "C:\\Evoki V3.0 APK-Lokalhost-Google Cloude\\tooling\\data\\synapse\\status\\pending_status.json"}
{"timestamp": "2026-01-13T07:51:32.492974+00:00", "action": "auto_save_triggered"}
{"timestamp": "2026-01-13T07:51:33.856756+00:00", "result": "SUCCESS"}
{"timestamp": "2026-01-13T07:54:31.110866+00:00", "event": "file_modified", "file": "C:\\Evoki V3.0 APK-Lokalhost-Google Cloude\\tooling\\data\\synapse\\status\\pending_status.json"}
{"timestamp": "2026-01-13T07:54:31.311770+00:00", "action": "auto_save_triggered"}
{"timestamp": "2026-01-13T07:54:31.501612+00:00", "result": "FAIL", "error": "DEBUG: Calling add_status_window...\n[ERROR] Chain Break Detected!\n      Expected prev_window_hash: 1f0c429ac94b0da562418079d9e4696893c192fdccd57d11f8c303e0e0bd3692\n      Got:                       cc1465349dd0e4d96c5fdd19bd3702523bfe0d8d63f9f39f470ebe3c298c843b\n[ERROR] S2 Protocol Violation: Block rejected.\nDEBUG: add_status_window returned: False\n"}
{"timestamp": "2026-01-13T07:55:14.174937+00:00", "event": "file_modified", "file": "C:\\Evoki V3.0 APK-Lokalhost-Google Cloude\\tooling\\data\\synapse\\status\\pending_status.json"}
{"timestamp": "2026-01-13T07:55:14.376025+00:00", "action": "auto_save_triggered"}
{"timestamp": "2026-01-13T07:55:14.558393+00:00", "result": "FAIL", "error": "DEBUG: Calling add_status_window...\n[ERROR] Chain Break Detected!\n      Expected prev_window_hash: 1f0c429ac94b0da562418079d9e4696893c192fdccd57d11f8c303e0e0bd3692\n      Got:                       cc1465349dd0e4d96c5fdd19bd3702523bfe0d8d63f9f39f470ebe3c298c843b\n[ERROR] S2 Protocol Violation: Block rejected.\nDEBUG: add_status_window returned: False\n"}
{"timestamp": "2026-01-13T07:55:46.897792+00:00", "event": "file_modified", "file": "C:\\Evoki V3.0 APK-Lokalhost-Google Cloude\\tooling\\data\\synapse\\status\\pending_status.json"}
{"timestamp": "2026-01-13T07:55:47.098725+00:00", "action": "auto_save_triggered"}
{"timestamp": "2026-01-13T07:55:47.294818+00:00", "result": "FAIL", "error": "DEBUG: Calling add_status_window...\n[ERROR] Chain Break Detected!\n      Expected prev_window_hash: 1f0c429ac94b0da562418079d9e4696893c192fdccd57d11f8c303e0e0bd3692\n      Got:                       cc1465349dd0e4d96c5fdd19bd3702523bfe0d8d63f9f39f470ebe3c298c843b\n[ERROR] S2 Protocol Violation: Block rejected.\nDEBUG: add_status_window returned: False\n"}
{"timestamp": "2026-01-13T07:56:15.081005+00:00", "event": "file_modified", "file": "C:\\Evoki V3.0 APK-Lokalhost-Google Cloude\\tooling\\data\\synapse\\status\\pending_status.json"}
{"timestamp": "2026-01-13T07:56:15.282763+00:00", "action": "auto_save_triggered"}
{"timestamp": "2026-01-13T07:56:15.468010+00:00", "result": "FAIL", "error": "DEBUG: Calling add_status_window...\n[ERROR] Chain Break Detected!\n      Expected prev_window_hash: 1f0c429ac94b0da562418079d9e4696893c192fdccd57d11f8c303e0e0bd3692\n      Got:                       cc1465349dd0e4d96c5fdd19bd3702523bfe0d8d63f9f39f470ebe3c298c843b\n[ERROR] S2 Protocol Violation: Block rejected.\nDEBUG: add_status_window returned: False\n"}
{"timestamp": "2026-01-13T07:56:42.094975+00:00", "event": "file_modified", "file": "C:\\Evoki V3.0 APK-Lokalhost-Google Cloude\\tooling\\data\\synapse\\status\\pending_status.json"}
{"timestamp": "2026-01-13T07:56:42.297558+00:00", "action": "auto_save_triggered"}
{"timestamp": "2026-01-13T07:56:42.483665+00:00", "result": "FAIL", "error": "DEBUG: Calling add_status_window...\n[ERROR] Chain Break Detected!\n      Expected prev_window_hash: 1f0c429ac94b0da562418079d9e4696893c192fdccd57d11f8c303e0e0bd3692\n      Got:                       cc1465349dd0e4d96c5fdd19bd3702523bfe0d8d63f9f39f470ebe3c298c843b\n[ERROR] S2 Protocol Violation: Block rejected.\nDEBUG: add_status_window returned: False\n"}
{"timestamp": "2026-01-13T07:57:03.338951+00:00", "event": "file_modified", "file": "C:\\Evoki V3.0 APK-Lokalhost-Google Cloude\\tooling\\data\\synapse\\status\\pending_status.json"}
{"timestamp": "2026-01-13T07:57:03.556194+00:00", "action": "auto_save_triggered"}
{"timestamp": "2026-01-13T07:57:03.765567+00:00", "result": "FAIL", "error": "DEBUG: Calling add_status_window...\n[ERROR] Chain Break Detected!\n      Expected prev_window_hash: 1f0c429ac94b0da562418079d9e4696893c192fdccd57d11f8c303e0e0bd3692\n      Got:                       cc1465349dd0e4d96c5fdd19bd3702523bfe0d8d63f9f39f470ebe3c298c843b\n[ERROR] S2 Protocol Violation: Block rejected.\nDEBUG: add_status_window returned: False\n"}
{"timestamp": "2026-01-13T07:57:32.916955+00:00", "event": "file_modified", "file": "C:\\Evoki V3.0 APK-Lokalhost-Google Cloude\\tooling\\data\\synapse\\status\\pending_status.json"}
{"timestamp": "2026-01-13T07:57:33.117582+00:00", "action": "auto_save_triggered"}
{"timestamp": "2026-01-13T07:57:33.287654+00:00", "result": "FAIL", "error": "DEBUG: Calling add_status_window...\n[ERROR] Chain Break Detected!\n      Expected prev_window_hash: 1f0c429ac94b0da562418079d9e4696893c192fdccd57d11f8c303e0e0bd3692\n      Got:                       cc1465349dd0e4d96c5fdd19bd3702523bfe0d8d63f9f39f470ebe3c298c843b\n[ERROR] S2 Protocol Violation: Block rejected.\nDEBUG: add_status_window returned: False\n"}
{"timestamp": "2026-01-13T07:57:53.919008+00:00", "event": "file_modified", "file": "C:\\Evoki V3.0 APK-Lokalhost-Google Cloude\\tooling\\data\\synapse\\status\\pending_status.json"}
{"timestamp": "2026-01-13T07:57:54.119988+00:00", "action": "auto_save_triggered"}
{"timestamp": "2026-01-13T07:57:54.291130+00:00", "result": "FAIL", "error": "DEBUG: Calling add_status_window...\n[ERROR] Chain Break Detected!\n      Expected prev_window_hash: 1f0c429ac94b0da562418079d9e4696893c192fdccd57d11f8c303e0e0bd3692\n      Got:                       cc1465349dd0e4d96c5fdd19bd3702523bfe0d8d63f9f39f470ebe3c298c843b\n[ERROR] S2 Protocol Violation: Block rejected.\nDEBUG: add_status_window returned: False\n"}
{"timestamp": "2026-01-13T07:58:12.080430+00:00", "event": "file_modified", "file": "C:\\Evoki V3.0 APK-Lokalhost-Google Cloude\\tooling\\data\\synapse\\status\\pending_status.json"}
{"timestamp": "2026-01-13T07:58:12.281207+00:00", "action": "auto_save_triggered"}
{"timestamp": "2026-01-13T07:58:12.439422+00:00", "result": "FAIL", "error": "DEBUG: Calling add_status_window...\n[ERROR] Chain Break Detected!\n      Expected prev_window_hash: 1f0c429ac94b0da562418079d9e4696893c192fdccd57d11f8c303e0e0bd3692\n      Got:                       cc1465349dd0e4d96c5fdd19bd3702523bfe0d8d63f9f39f470ebe3c298c843b\n[ERROR] S2 Protocol Violation: Block rejected.\nDEBUG: add_status_window returned: False\n"}
{"timestamp": "2026-01-13T07:59:26.893756+00:00", "event": "file_modified", "file": "C:\\Evoki V3.0 APK-Lokalhost-Google Cloude\\tooling\\data\\synapse\\status\\pending_status.json"}
{"timestamp": "2026-01-13T07:59:27.095312+00:00", "action": "auto_save_triggered"}
{"timestamp": "2026-01-13T07:59:27.259166+00:00", "result": "FAIL", "error": "DEBUG: Calling add_status_window...\n[ERROR] Chain Break Detected!\n      Expected prev_window_hash: 1f0c429ac94b0da562418079d9e4696893c192fdccd57d11f8c303e0e0bd3692\n      Got:                       cc1465349dd0e4d96c5fdd19bd3702523bfe0d8d63f9f39f470ebe3c298c843b\n[ERROR] S2 Protocol Violation: Block rejected.\nDEBUG: add_status_window returned: False\n"}
{"timestamp": "2026-01-13T07:59:46.734102+00:00", "event": "file_modified", "file": "C:\\Evoki V3.0 APK-Lokalhost-Google Cloude\\tooling\\data\\synapse\\status\\pending_status.json"}
{"timestamp": "2026-01-13T07:59:46.937244+00:00", "action": "auto_save_triggered"}
{"timestamp": "2026-01-13T07:59:47.112627+00:00", "result": "FAIL", "error": "DEBUG: Calling add_status_window...\n[ERROR] Chain Break Detected!\n      Expected prev_window_hash: 1f0c429ac94b0da562418079d9e4696893c192fdccd57d11f8c303e0e0bd3692\n      Got:                       cc1465349dd0e4d96c5fdd19bd3702523bfe0d8d63f9f39f470ebe3c298c843b\n[ERROR] S2 Protocol Violation: Block rejected.\nDEBUG: add_status_window returned: False\n"}
{"timestamp": "2026-01-13T08:00:21.421415+00:00", "event": "file_modified", "file": "C:\\Evoki V3.0 APK-Lokalhost-Google Cloude\\tooling\\data\\synapse\\status\\pending_status.json"}
{"timestamp": "2026-01-13T08:00:21.622368+00:00", "action": "auto_save_triggered"}
{"timestamp": "2026-01-13T08:00:21.812696+00:00", "result": "FAIL", "error": "DEBUG: Calling add_status_window...\n[ERROR] Chain Break Detected!\n      Expected prev_window_hash: 1f0c429ac94b0da562418079d9e4696893c192fdccd57d11f8c303e0e0bd3692\n      Got:                       cc1465349dd0e4d96c5fdd19bd3702523bfe0d8d63f9f39f470ebe3c298c843b\n[ERROR] S2 Protocol Violation: Block rejected.\nDEBUG: add_status_window returned: False\n"}
{"timestamp": "2026-01-13T08:01:02.105952+00:00", "event": "file_modified", "file": "C:\\Evoki V3.0 APK-Lokalhost-Google Cloude\\tooling\\data\\synapse\\status\\pending_status.json"}
{"timestamp": "2026-01-13T08:01:02.316180+00:00", "action": "auto_save_triggered"}
{"timestamp": "2026-01-13T08:01:02.529240+00:00", "result": "FAIL", "error": "DEBUG: Calling add_status_window...\n[ERROR] Chain Break Detected!\n      Expected prev_window_hash: 1f0c429ac94b0da562418079d9e4696893c192fdccd57d11f8c303e0e0bd3692\n      Got:                       cc1465349dd0e4d96c5fdd19bd3702523bfe0d8d63f9f39f470ebe3c298c843b\n[ERROR] S2 Protocol Violation: Block rejected.\nDEBUG: add_status_window returned: False\n"}
{"timestamp": "2026-01-13T08:01:59.233967+00:00", "event": "file_modified", "file": "C:\\Evoki V3.0 APK-Lokalhost-Google Cloude\\tooling\\data\\synapse\\status\\pending_status.json"}
{"timestamp": "2026-01-13T08:01:59.434759+00:00", "action": "auto_save_triggered"}
{"timestamp": "2026-01-13T08:01:59.600002+00:00", "result": "FAIL", "error": "DEBUG: Calling add_status_window...\n[ERROR] Chain Break Detected!\n      Expected prev_window_hash: 1f0c429ac94b0da562418079d9e4696893c192fdccd57d11f8c303e0e0bd3692\n      Got:                       cc1465349dd0e4d96c5fdd19bd3702523bfe0d8d63f9f39f470ebe3c298c843b\n[ERROR] S2 Protocol Violation: Block rejected.\nDEBUG: add_status_window returned: False\n"}
{"timestamp": "2026-01-13T08:02:36.757079+00:00", "event": "file_modified", "file": "C:\\Evoki V3.0 APK-Lokalhost-Google Cloude\\tooling\\data\\synapse\\status\\pending_status.json"}
{"timestamp": "2026-01-13T08:02:36.958046+00:00", "action": "auto_save_triggered"}
{"timestamp": "2026-01-13T08:02:37.148290+00:00", "result": "FAIL", "error": "DEBUG: Calling add_status_window...\n[ERROR] Chain Break Detected!\n      Expected prev_window_hash: 1f0c429ac94b0da562418079d9e4696893c192fdccd57d11f8c303e0e0bd3692\n      Got:                       cc1465349dd0e4d96c5fdd19bd3702523bfe0d8d63f9f39f470ebe3c298c843b\n[ERROR] S2 Protocol Violation: Block rejected.\nDEBUG: add_status_window returned: False\n"}
{"timestamp": "2026-01-13T08:03:02.885418+00:00", "event": "file_modified", "file": "C:\\Evoki V3.0 APK-Lokalhost-Google Cloude\\tooling\\data\\synapse\\status\\pending_status.json"}
{"timestamp": "2026-01-13T08:03:03.086175+00:00", "action": "auto_save_triggered"}
{"timestamp": "2026-01-13T08:03:03.268506+00:00", "result": "FAIL", "error": "DEBUG: Calling add_status_window...\n[ERROR] Chain Break Detected!\n      Expected prev_window_hash: 1f0c429ac94b0da562418079d9e4696893c192fdccd57d11f8c303e0e0bd3692\n      Got:                       cc1465349dd0e4d96c5fdd19bd3702523bfe0d8d63f9f39f470ebe3c298c843b\n[ERROR] S2 Protocol Violation: Block rejected.\nDEBUG: add_status_window returned: False\n"}
{"timestamp": "2026-01-13T08:03:30.886489+00:00", "event": "file_modified", "file": "C:\\Evoki V3.0 APK-Lokalhost-Google Cloude\\tooling\\data\\synapse\\status\\pending_status.json"}
{"timestamp": "2026-01-13T08:03:31.087191+00:00", "action": "auto_save_triggered"}
{"timestamp": "2026-01-13T08:03:31.253269+00:00", "result": "FAIL", "error": "DEBUG: Calling add_status_window...\n[ERROR] Chain Break Detected!\n      Expected prev_window_hash: 1f0c429ac94b0da562418079d9e4696893c192fdccd57d11f8c303e0e0bd3692\n      Got:                       cc1465349dd0e4d96c5fdd19bd3702523bfe0d8d63f9f39f470ebe3c298c843b\n[ERROR] S2 Protocol Violation: Block rejected.\nDEBUG: add_status_window returned: False\n"}
{"timestamp": "2026-01-13T08:03:51.651486+00:00", "event": "file_modified", "file": "C:\\Evoki V3.0 APK-Lokalhost-Google Cloude\\tooling\\data\\synapse\\status\\pending_status.json"}
{"timestamp": "2026-01-13T08:03:51.852717+00:00", "action": "auto_save_triggered"}
{"timestamp": "2026-01-13T08:03:52.016054+00:00", "result": "FAIL", "error": "DEBUG: Calling add_status_window...\n[ERROR] Chain Break Detected!\n      Expected prev_window_hash: 1f0c429ac94b0da562418079d9e4696893c192fdccd57d11f8c303e0e0bd3692\n      Got:                       cc1465349dd0e4d96c5fdd19bd3702523bfe0d8d63f9f39f470ebe3c298c843b\n[ERROR] S2 Protocol Violation: Block rejected.\nDEBUG: add_status_window returned: False\n"}
{"timestamp": "2026-01-13T08:04:37.317148+00:00", "event": "file_modified", "file": "C:\\Evoki V3.0 APK-Lokalhost-Google Cloude\\tooling\\data\\synapse\\status\\pending_status.json"}
{"timestamp": "2026-01-13T08:04:37.518001+00:00", "action": "auto_save_triggered"}
{"timestamp": "2026-01-13T08:04:37.718291+00:00", "result": "FAIL", "error": "DEBUG: Calling add_status_window...\n[ERROR] Chain Break Detected!\n      Expected prev_window_hash: 1f0c429ac94b0da562418079d9e4696893c192fdccd57d11f8c303e0e0bd3692\n      Got:                       cc1465349dd0e4d96c5fdd19bd3702523bfe0d8d63f9f39f470ebe3c298c843b\n[ERROR] S2 Protocol Violation: Block rejected.\nDEBUG: add_status_window returned: False\n"}
{"timestamp": "2026-01-13T08:04:59.772931+00:00", "event": "file_modified", "file": "C:\\Evoki V3.0 APK-Lokalhost-Google Cloude\\tooling\\data\\synapse\\status\\pending_status.json"}
{"timestamp": "2026-01-13T08:05:00.013199+00:00", "action": "auto_save_triggered"}
{"timestamp": "2026-01-13T08:05:00.354324+00:00", "result": "FAIL", "error": "DEBUG: Calling add_status_window...\n[ERROR] Chain Break Detected!\n      Expected prev_window_hash: 1f0c429ac94b0da562418079d9e4696893c192fdccd57d11f8c303e0e0bd3692\n      Got:                       cc1465349dd0e4d96c5fdd19bd3702523bfe0d8d63f9f39f470ebe3c298c843b\n[ERROR] S2 Protocol Violation: Block rejected.\nDEBUG: add_status_window returned: False\n"}
{"timestamp": "2026-01-13T08:05:28.032765+00:00", "event": "file_modified", "file": "C:\\Evoki V3.0 APK-Lokalhost-Google Cloude\\tooling\\data\\synapse\\status\\pending_status.json"}
{"timestamp": "2026-01-13T08:05:28.234629+00:00", "action": "auto_save_triggered"}
{"timestamp": "2026-01-13T08:05:28.420777+00:00", "result": "FAIL", "error": "DEBUG: Calling add_status_window...\n[ERROR] Chain Break Detected!\n      Expected prev_window_hash: 1f0c429ac94b0da562418079d9e4696893c192fdccd57d11f8c303e0e0bd3692\n      Got:                       cc1465349dd0e4d96c5fdd19bd3702523bfe0d8d63f9f39f470ebe3c298c843b\n[ERROR] S2 Protocol Violation: Block rejected.\nDEBUG: add_status_window returned: False\n"}
{"timestamp": "2026-01-13T08:05:52.727548+00:00", "event": "file_modified", "file": "C:\\Evoki V3.0 APK-Lokalhost-Google Cloude\\tooling\\data\\synapse\\status\\pending_status.json"}
{"timestamp": "2026-01-13T08:05:52.928915+00:00", "action": "auto_save_triggered"}
{"timestamp": "2026-01-13T08:05:53.100561+00:00", "result": "FAIL", "error": "DEBUG: Calling add_status_window...\n[ERROR] Chain Break Detected!\n      Expected prev_window_hash: 1f0c429ac94b0da562418079d9e4696893c192fdccd57d11f8c303e0e0bd3692\n      Got:                       cc1465349dd0e4d96c5fdd19bd3702523bfe0d8d63f9f39f470ebe3c298c843b\n[ERROR] S2 Protocol Violation: Block rejected.\nDEBUG: add_status_window returned: False\n"}
{"timestamp": "2026-01-13T08:06:15.113301+00:00", "event": "file_modified", "file": "C:\\Evoki V3.0 APK-Lokalhost-Google Cloude\\tooling\\data\\synapse\\status\\pending_status.json"}
{"timestamp": "2026-01-13T08:06:15.315182+00:00", "action": "auto_save_triggered"}
{"timestamp": "2026-01-13T08:06:15.489332+00:00", "result": "FAIL", "error": "DEBUG: Calling add_status_window...\n[ERROR] Chain Break Detected!\n      Expected prev_window_hash: 1f0c429ac94b0da562418079d9e4696893c192fdccd57d11f8c303e0e0bd3692\n      Got:                       cc1465349dd0e4d96c5fdd19bd3702523bfe0d8d63f9f39f470ebe3c298c843b\n[ERROR] S2 Protocol Violation: Block rejected.\nDEBUG: add_status_window returned: False\n"}
{"timestamp": "2026-01-13T08:06:56.501407+00:00", "event": "file_modified", "file": "C:\\Evoki V3.0 APK-Lokalhost-Google Cloude\\tooling\\data\\synapse\\status\\pending_status.json"}
{"timestamp": "2026-01-13T08:06:56.702823+00:00", "action": "auto_save_triggered"}
{"timestamp": "2026-01-13T08:06:56.874240+00:00", "result": "FAIL", "error": "DEBUG: Calling add_status_window...\n[ERROR] Chain Break Detected!\n      Expected prev_window_hash: 1f0c429ac94b0da562418079d9e4696893c192fdccd57d11f8c303e0e0bd3692\n      Got:                       cc1465349dd0e4d96c5fdd19bd3702523bfe0d8d63f9f39f470ebe3c298c843b\n[ERROR] S2 Protocol Violation: Block rejected.\nDEBUG: add_status_window returned: False\n"}
{"timestamp": "2026-01-13T08:06:56.874936+00:00", "event": "file_modified", "file": "C:\\Evoki V3.0 APK-Lokalhost-Google Cloude\\tooling\\data\\synapse\\status\\pending_status.json"}
{"timestamp": "2026-01-13T08:06:57.075804+00:00", "action": "auto_save_triggered"}
{"timestamp": "2026-01-13T08:06:57.246084+00:00", "result": "FAIL", "error": "DEBUG: Calling add_status_window...\n[ERROR] Chain Break Detected!\n      Expected prev_window_hash: 1f0c429ac94b0da562418079d9e4696893c192fdccd57d11f8c303e0e0bd3692\n      Got:                       cc1465349dd0e4d96c5fdd19bd3702523bfe0d8d63f9f39f470ebe3c298c843b\n[ERROR] S2 Protocol Violation: Block rejected.\nDEBUG: add_status_window returned: False\n"}
{"timestamp": "2026-01-13T08:07:30.442229+00:00", "event": "file_modified", "file": "C:\\Evoki V3.0 APK-Lokalhost-Google Cloude\\tooling\\data\\synapse\\status\\pending_status.json"}
{"timestamp": "2026-01-13T08:07:30.643092+00:00", "action": "auto_save_triggered"}
{"timestamp": "2026-01-13T08:07:30.861541+00:00", "result": "FAIL", "error": "DEBUG: Calling add_status_window...\n[ERROR] Chain Break Detected!\n      Expected prev_window_hash: 1f0c429ac94b0da562418079d9e4696893c192fdccd57d11f8c303e0e0bd3692\n      Got:                       cc1465349dd0e4d96c5fdd19bd3702523bfe0d8d63f9f39f470ebe3c298c843b\n[ERROR] S2 Protocol Violation: Block rejected.\nDEBUG: add_status_window returned: False\n"}
{"timestamp": "2026-01-13T08:08:07.993628+00:00", "event": "file_modified", "file": "C:\\Evoki V3.0 APK-Lokalhost-Google Cloude\\tooling\\data\\synapse\\status\\pending_status.json"}
{"timestamp": "2026-01-13T08:08:08.194888+00:00", "action": "auto_save_triggered"}
{"timestamp": "2026-01-13T08:08:08.382700+00:00", "result": "FAIL", "error": "DEBUG: Calling add_status_window...\n[ERROR] Chain Break Detected!\n      Expected prev_window_hash: 1f0c429ac94b0da562418079d9e4696893c192fdccd57d11f8c303e0e0bd3692\n      Got:                       cc1465349dd0e4d96c5fdd19bd3702523bfe0d8d63f9f39f470ebe3c298c843b\n[ERROR] S2 Protocol Violation: Block rejected.\nDEBUG: add_status_window returned: False\n"}
{"timestamp": "2026-01-13T08:08:29.331324+00:00", "event": "file_modified", "file": "C:\\Evoki V3.0 APK-Lokalhost-Google Cloude\\tooling\\data\\synapse\\status\\pending_status.json"}
{"timestamp": "2026-01-13T08:08:29.532056+00:00", "action": "auto_save_triggered"}
{"timestamp": "2026-01-13T08:08:29.700164+00:00", "result": "FAIL", "error": "DEBUG: Calling add_status_window...\n[ERROR] Chain Break Detected!\n      Expected prev_window_hash: 1f0c429ac94b0da562418079d9e4696893c192fdccd57d11f8c303e0e0bd3692\n      Got:                       cc1465349dd0e4d96c5fdd19bd3702523bfe0d8d63f9f39f470ebe3c298c843b\n[ERROR] S2 Protocol Violation: Block rejected.\nDEBUG: add_status_window returned: False\n"}
{"timestamp": "2026-01-13T08:08:50.153603+00:00", "event": "file_modified", "file": "C:\\Evoki V3.0 APK-Lokalhost-Google Cloude\\tooling\\data\\synapse\\status\\pending_status.json"}
{"timestamp": "2026-01-13T08:08:50.354252+00:00", "action": "auto_save_triggered"}
{"timestamp": "2026-01-13T08:08:50.547092+00:00", "result": "FAIL", "error": "DEBUG: Calling add_status_window...\n[ERROR] Chain Break Detected!\n      Expected prev_window_hash: 1f0c429ac94b0da562418079d9e4696893c192fdccd57d11f8c303e0e0bd3692\n      Got:                       cc1465349dd0e4d96c5fdd19bd3702523bfe0d8d63f9f39f470ebe3c298c843b\n[ERROR] S2 Protocol Violation: Block rejected.\nDEBUG: add_status_window returned: False\n"}
{"timestamp": "2026-01-13T08:09:14.321981+00:00", "event": "file_modified", "file": "C:\\Evoki V3.0 APK-Lokalhost-Google Cloude\\tooling\\data\\synapse\\status\\pending_status.json"}
{"timestamp": "2026-01-13T08:09:14.522954+00:00", "action": "auto_save_triggered"}
{"timestamp": "2026-01-13T08:09:14.705920+00:00", "result": "FAIL", "error": "DEBUG: Calling add_status_window...\n[ERROR] Chain Break Detected!\n      Expected prev_window_hash: 1f0c429ac94b0da562418079d9e4696893c192fdccd57d11f8c303e0e0bd3692\n      Got:                       cc1465349dd0e4d96c5fdd19bd3702523bfe0d8d63f9f39f470ebe3c298c843b\n[ERROR] S2 Protocol Violation: Block rejected.\nDEBUG: add_status_window returned: False\n"}
{"timestamp": "2026-01-13T08:09:42.721073+00:00", "event": "file_modified", "file": "C:\\Evoki V3.0 APK-Lokalhost-Google Cloude\\tooling\\data\\synapse\\status\\pending_status.json"}
{"timestamp": "2026-01-13T08:09:42.922378+00:00", "action": "auto_save_triggered"}
{"timestamp": "2026-01-13T08:09:43.109489+00:00", "result": "FAIL", "error": "DEBUG: Calling add_status_window...\n[ERROR] Chain Break Detected!\n      Expected prev_window_hash: 1f0c429ac94b0da562418079d9e4696893c192fdccd57d11f8c303e0e0bd3692\n      Got:                       cc1465349dd0e4d96c5fdd19bd3702523bfe0d8d63f9f39f470ebe3c298c843b\n[ERROR] S2 Protocol Violation: Block rejected.\nDEBUG: add_status_window returned: False\n"}
{"timestamp": "2026-01-13T08:10:06.271991+00:00", "event": "file_modified", "file": "C:\\Evoki V3.0 APK-Lokalhost-Google Cloude\\tooling\\data\\synapse\\status\\pending_status.json"}
{"timestamp": "2026-01-13T08:10:06.472553+00:00", "action": "auto_save_triggered"}
{"timestamp": "2026-01-13T08:10:06.647761+00:00", "result": "FAIL", "error": "DEBUG: Calling add_status_window...\n[ERROR] Chain Break Detected!\n      Expected prev_window_hash: 1f0c429ac94b0da562418079d9e4696893c192fdccd57d11f8c303e0e0bd3692\n      Got:                       cc1465349dd0e4d96c5fdd19bd3702523bfe0d8d63f9f39f470ebe3c298c843b\n[ERROR] S2 Protocol Violation: Block rejected.\nDEBUG: add_status_window returned: False\n"}
{"timestamp": "2026-01-13T08:10:26.546000+00:00", "event": "file_modified", "file": "C:\\Evoki V3.0 APK-Lokalhost-Google Cloude\\tooling\\data\\synapse\\status\\pending_status.json"}
{"timestamp": "2026-01-13T08:10:26.746848+00:00", "action": "auto_save_triggered"}
{"timestamp": "2026-01-13T08:10:26.920555+00:00", "result": "FAIL", "error": "DEBUG: Calling add_status_window...\n[ERROR] Chain Break Detected!\n      Expected prev_window_hash: 1f0c429ac94b0da562418079d9e4696893c192fdccd57d11f8c303e0e0bd3692\n      Got:                       cc1465349dd0e4d96c5fdd19bd3702523bfe0d8d63f9f39f470ebe3c298c843b\n[ERROR] S2 Protocol Violation: Block rejected.\nDEBUG: add_status_window returned: False\n"}
{"timestamp": "2026-01-13T08:11:07.252001+00:00", "event": "file_modified", "file": "C:\\Evoki V3.0 APK-Lokalhost-Google Cloude\\tooling\\data\\synapse\\status\\pending_status.json"}
{"timestamp": "2026-01-13T08:11:07.456308+00:00", "action": "auto_save_triggered"}
{"timestamp": "2026-01-13T08:11:07.673938+00:00", "result": "FAIL", "error": "DEBUG: Calling add_status_window...\n[ERROR] Chain Break Detected!\n      Expected prev_window_hash: 1f0c429ac94b0da562418079d9e4696893c192fdccd57d11f8c303e0e0bd3692\n      Got:                       cc1465349dd0e4d96c5fdd19bd3702523bfe0d8d63f9f39f470ebe3c298c843b\n[ERROR] S2 Protocol Violation: Block rejected.\nDEBUG: add_status_window returned: False\n"}
{"timestamp": "2026-01-13T08:11:53.872800+00:00", "event": "file_modified", "file": "C:\\Evoki V3.0 APK-Lokalhost-Google Cloude\\tooling\\data\\synapse\\status\\pending_status.json"}
{"timestamp": "2026-01-13T08:11:54.073674+00:00", "action": "auto_save_triggered"}
{"timestamp": "2026-01-13T08:11:54.243167+00:00", "result": "FAIL", "error": "DEBUG: Calling add_status_window...\n[ERROR] Chain Break Detected!\n      Expected prev_window_hash: 1f0c429ac94b0da562418079d9e4696893c192fdccd57d11f8c303e0e0bd3692\n      Got:                       cc1465349dd0e4d96c5fdd19bd3702523bfe0d8d63f9f39f470ebe3c298c843b\n[ERROR] S2 Protocol Violation: Block rejected.\nDEBUG: add_status_window returned: False\n"}
{"timestamp": "2026-01-13T08:13:57.952293+00:00", "event": "file_modified", "file": "C:\\Evoki V3.0 APK-Lokalhost-Google Cloude\\tooling\\data\\synapse\\status\\pending_status.json"}
{"timestamp": "2026-01-13T08:13:58.158018+00:00", "action": "auto_save_triggered"}
{"timestamp": "2026-01-13T08:13:58.379763+00:00", "result": "FAIL", "error": "DEBUG: Calling add_status_window...\n[ERROR] Chain Break Detected!\n      Expected prev_window_hash: 1f0c429ac94b0da562418079d9e4696893c192fdccd57d11f8c303e0e0bd3692\n      Got:                       cc1465349dd0e4d96c5fdd19bd3702523bfe0d8d63f9f39f470ebe3c298c843b\n[ERROR] S2 Protocol Violation: Block rejected.\nDEBUG: add_status_window returned: False\n"}
{"timestamp": "2026-01-13T08:14:34.500706+00:00", "event": "file_modified", "file": "C:\\Evoki V3.0 APK-Lokalhost-Google Cloude\\tooling\\data\\synapse\\status\\pending_status.json"}
{"timestamp": "2026-01-13T08:14:34.701640+00:00", "action": "auto_save_triggered"}
{"timestamp": "2026-01-13T08:14:34.892210+00:00", "result": "FAIL", "error": "DEBUG: Calling add_status_window...\n[ERROR] Chain Break Detected!\n      Expected prev_window_hash: 1f0c429ac94b0da562418079d9e4696893c192fdccd57d11f8c303e0e0bd3692\n      Got:                       cc1465349dd0e4d96c5fdd19bd3702523bfe0d8d63f9f39f470ebe3c298c843b\n[ERROR] S2 Protocol Violation: Block rejected.\nDEBUG: add_status_window returned: False\n"}
{"timestamp": "2026-01-13T08:15:10.657656+00:00", "event": "file_modified", "file": "C:\\Evoki V3.0 APK-Lokalhost-Google Cloude\\tooling\\data\\synapse\\status\\pending_status.json"}
{"timestamp": "2026-01-13T08:15:10.865083+00:00", "action": "auto_save_triggered"}
{"timestamp": "2026-01-13T08:15:11.129773+00:00", "result": "FAIL", "error": "DEBUG: Calling add_status_window...\n[ERROR] Chain Break Detected!\n      Expected prev_window_hash: 1f0c429ac94b0da562418079d9e4696893c192fdccd57d11f8c303e0e0bd3692\n      Got:                       cc1465349dd0e4d96c5fdd19bd3702523bfe0d8d63f9f39f470ebe3c298c843b\n[ERROR] S2 Protocol Violation: Block rejected.\nDEBUG: add_status_window returned: False\n"}
{"timestamp": "2026-01-13T08:16:14.308588+00:00", "event": "file_modified", "file": "C:\\Evoki V3.0 APK-Lokalhost-Google Cloude\\tooling\\data\\synapse\\status\\pending_status.json"}
{"timestamp": "2026-01-13T08:16:14.509209+00:00", "action": "auto_save_triggered"}
{"timestamp": "2026-01-13T08:16:14.809015+00:00", "result": "FAIL", "error": "DEBUG: Calling add_status_window...\n[ERROR] Chain Break Detected!\n      Expected prev_window_hash: 1f0c429ac94b0da562418079d9e4696893c192fdccd57d11f8c303e0e0bd3692\n      Got:                       cc1465349dd0e4d96c5fdd19bd3702523bfe0d8d63f9f39f470ebe3c298c843b\n[ERROR] S2 Protocol Violation: Block rejected.\nDEBUG: add_status_window returned: False\n"}
{"timestamp": "2026-01-13T08:16:40.320092+00:00", "event": "file_modified", "file": "C:\\Evoki V3.0 APK-Lokalhost-Google Cloude\\tooling\\data\\synapse\\status\\pending_status.json"}
{"timestamp": "2026-01-13T08:16:40.521068+00:00", "action": "auto_save_triggered"}
{"timestamp": "2026-01-13T08:16:40.718038+00:00", "result": "FAIL", "error": "DEBUG: Calling add_status_window...\n[ERROR] Chain Break Detected!\n      Expected prev_window_hash: 1f0c429ac94b0da562418079d9e4696893c192fdccd57d11f8c303e0e0bd3692\n      Got:                       cc1465349dd0e4d96c5fdd19bd3702523bfe0d8d63f9f39f470ebe3c298c843b\n[ERROR] S2 Protocol Violation: Block rejected.\nDEBUG: add_status_window returned: False\n"}
{"timestamp": "2026-01-13T08:17:06.849122+00:00", "event": "file_modified", "file": "C:\\Evoki V3.0 APK-Lokalhost-Google Cloude\\tooling\\data\\synapse\\status\\pending_status.json"}
{"timestamp": "2026-01-13T08:17:07.050166+00:00", "action": "auto_save_triggered"}
{"timestamp": "2026-01-13T08:17:07.219556+00:00", "result": "FAIL", "error": "DEBUG: Calling add_status_window...\n[ERROR] Chain Break Detected!\n      Expected prev_window_hash: 1f0c429ac94b0da562418079d9e4696893c192fdccd57d11f8c303e0e0bd3692\n      Got:                       cc1465349dd0e4d96c5fdd19bd3702523bfe0d8d63f9f39f470ebe3c298c843b\n[ERROR] S2 Protocol Violation: Block rejected.\nDEBUG: add_status_window returned: False\n"}
{"timestamp": "2026-01-13T08:17:29.820851+00:00", "event": "file_modified", "file": "C:\\Evoki V3.0 APK-Lokalhost-Google Cloude\\tooling\\data\\synapse\\status\\pending_status.json"}
{"timestamp": "2026-01-13T08:17:30.021769+00:00", "action": "auto_save_triggered"}
{"timestamp": "2026-01-13T08:17:30.182176+00:00", "result": "FAIL", "error": "DEBUG: Calling add_status_window...\n[ERROR] Chain Break Detected!\n      Expected prev_window_hash: 1f0c429ac94b0da562418079d9e4696893c192fdccd57d11f8c303e0e0bd3692\n      Got:                       cc1465349dd0e4d96c5fdd19bd3702523bfe0d8d63f9f39f470ebe3c298c843b\n[ERROR] S2 Protocol Violation: Block rejected.\nDEBUG: add_status_window returned: False\n"}
{"timestamp": "2026-01-13T08:17:50.466988+00:00", "event": "file_modified", "file": "C:\\Evoki V3.0 APK-Lokalhost-Google Cloude\\tooling\\data\\synapse\\status\\pending_status.json"}
{"timestamp": "2026-01-13T08:17:50.668066+00:00", "action": "auto_save_triggered"}
{"timestamp": "2026-01-13T08:17:50.827541+00:00", "result": "FAIL", "error": "DEBUG: Calling add_status_window...\n[ERROR] Chain Break Detected!\n      Expected prev_window_hash: 1f0c429ac94b0da562418079d9e4696893c192fdccd57d11f8c303e0e0bd3692\n      Got:                       cc1465349dd0e4d96c5fdd19bd3702523bfe0d8d63f9f39f470ebe3c298c843b\n[ERROR] S2 Protocol Violation: Block rejected.\nDEBUG: add_status_window returned: False\n"}
{"timestamp": "2026-01-13T08:18:20.840962+00:00", "event": "file_modified", "file": "C:\\Evoki V3.0 APK-Lokalhost-Google Cloude\\tooling\\data\\synapse\\status\\pending_status.json"}
{"timestamp": "2026-01-13T08:18:21.042102+00:00", "action": "auto_save_triggered"}
{"timestamp": "2026-01-13T08:18:21.260818+00:00", "result": "FAIL", "error": "DEBUG: Calling add_status_window...\n[ERROR] Chain Break Detected!\n      Expected prev_window_hash: 1f0c429ac94b0da562418079d9e4696893c192fdccd57d11f8c303e0e0bd3692\n      Got:                       cc1465349dd0e4d96c5fdd19bd3702523bfe0d8d63f9f39f470ebe3c298c843b\n[ERROR] S2 Protocol Violation: Block rejected.\nDEBUG: add_status_window returned: False\n"}
{"timestamp": "2026-01-13T08:21:32.341806+00:00", "event": "file_modified", "file": "C:\\Evoki V3.0 APK-Lokalhost-Google Cloude\\tooling\\data\\synapse\\status\\pending_status.json"}
{"timestamp": "2026-01-13T08:21:32.542739+00:00", "action": "auto_save_triggered"}
{"timestamp": "2026-01-13T08:21:32.815291+00:00", "result": "SUCCESS"}
{"timestamp": "2026-01-13T08:24:05.685916+00:00", "event": "file_modified", "file": "C:\\Evoki V3.0 APK-Lokalhost-Google Cloude\\tooling\\data\\synapse\\status\\pending_status.json"}
{"timestamp": "2026-01-13T08:24:05.886560+00:00", "action": "auto_save_triggered"}
{"timestamp": "2026-01-13T08:24:06.078471+00:00", "result": "FAIL", "error": "DEBUG: Calling add_status_window...\n[ERROR] Chain Break Detected!\n      Expected prev_window_hash: ea051e382cff84a42892b447db379506c61b286baa6badae58386ca33ce32534\n      Got:                       None\n[ERROR] S2 Protocol Violation: Block rejected.\nDEBUG: add_status_window returned: False\n"}
{"timestamp": "2026-01-13T08:25:13.558084+00:00", "event": "file_modified", "file": "C:\\Evoki V3.0 APK-Lokalhost-Google Cloude\\tooling\\data\\synapse\\status\\pending_status.json"}
{"timestamp": "2026-01-13T08:25:13.759295+00:00", "action": "auto_save_triggered"}
{"timestamp": "2026-01-13T08:25:14.029194+00:00", "result": "FAIL", "error": "DEBUG: Calling add_status_window...\n[ERROR] Chain Break Detected!\n      Expected prev_window_hash: ea051e382cff84a42892b447db379506c61b286baa6badae58386ca33ce32534\n      Got:                       None\n[ERROR] S2 Protocol Violation: Block rejected.\nDEBUG: add_status_window returned: False\n"}
{"timestamp": "2026-01-13T08:27:13.780212+00:00", "event": "file_modified", "file": "C:\\Evoki V3.0 APK-Lokalhost-Google Cloude\\tooling\\data\\synapse\\status\\pending_status.json"}
{"timestamp": "2026-01-13T08:27:13.981490+00:00", "action": "auto_save_triggered"}
{"timestamp": "2026-01-13T08:27:14.213764+00:00", "result": "FAIL", "error": "DEBUG: Calling add_status_window...\nError: name 'save_time' is not defined\nTraceback (most recent call last):\n  File \"C:\\Evoki V3.0 APK-Lokalhost-Google Cloude\\app\\temple\\automation\\status_history_manager.py\", line 48, in main\n    success = manager.add_status_window(status_window, source=args.source)\n  File \"C:\\Evoki V3.0 APK-Lokalhost-Google Cloude\\app\\temple\\automation\\synapse_logic.py\", line 307, in add_status_window\n    \"timestamp\": save_time,\n                 ^^^^^^^^^\nNameError: name 'save"}
{"timestamp": "2026-01-13T08:27:14.214428+00:00", "event": "file_modified", "file": "C:\\Evoki V3.0 APK-Lokalhost-Google Cloude\\tooling\\data\\synapse\\status\\pending_status.json"}
{"timestamp": "2026-01-13T08:27:14.415322+00:00", "action": "auto_save_triggered"}
{"timestamp": "2026-01-13T08:27:14.599514+00:00", "result": "FAIL", "error": "DEBUG: Calling add_status_window...\nError: name 'save_time' is not defined\nTraceback (most recent call last):\n  File \"C:\\Evoki V3.0 APK-Lokalhost-Google Cloude\\app\\temple\\automation\\status_history_manager.py\", line 48, in main\n    success = manager.add_status_window(status_window, source=args.source)\n  File \"C:\\Evoki V3.0 APK-Lokalhost-Google Cloude\\app\\temple\\automation\\synapse_logic.py\", line 307, in add_status_window\n    \"timestamp\": save_time,\n                 ^^^^^^^^^\nNameError: name 'save"}
